app/build/intermediates/manifest_merge_blame_file/debug/processDebugMainManifest/manifest-merger-blame-debug-report.txt
1<?xml version="1.0" encoding="utf-8"?>
2<manifest xmlns:android="http://schemas.android.com/apk/res/android"
3    package="com.game.reschange.fork"
4    android:versionCode="1"
5    android:versionName="0.17 Beta" >
6
7    <uses-sdk
8        android:minSdkVersion="31"
9        android:targetSdkVersion="35" />
10
11    <queries>
11-->src/main/AndroidManifest.xml:56:5-61:15
12        <intent>
12-->src/main/AndroidManifest.xml:57:9-60:18
13            <action android:name="android.intent.action.MAIN" />
13-->src/main/AndroidManifest.xml:27:17-69
13-->src/main/AndroidManifest.xml:27:25-66
14
15            <category android:name="android.intent.category.LAUNCHER" />
15-->src/main/AndroidManifest.xml:28:17-77
15-->src/main/AndroidManifest.xml:28:27-74
16        </intent>
17    </queries>
18
19    <uses-permission android:name="android.permission.QUERY_ALL_PACKAGES" />
19-->src/main/AndroidManifest.xml:63:5-77
19-->src/main/AndroidManifest.xml:63:22-74
20    <uses-permission android:name="android.permission.RECEIVE_BOOT_COMPLETED" />
20-->src/main/AndroidManifest.xml:64:5-81
20-->src/main/AndroidManifest.xml:64:22-78
21
22    <permission
22-->[androidx.core:core:1.13.1] AndroidManifest.xml:22:5-24:47
23        android:name="com.game.reschange.fork.DYNAMIC_RECEIVER_NOT_EXPORTED_PERMISSION"
23-->[androidx.core:core:1.13.1] AndroidManifest.xml:23:9-81
24        android:protectionLevel="signature" />
24-->[androidx.core:core:1.13.1] AndroidManifest.xml:24:9-44
25
26    <uses-permission android:name="com.game.reschange.fork.DYNAMIC_RECEIVER_NOT_EXPORTED_PERMISSION" />
26-->[androidx.core:core:1.13.1] AndroidManifest.xml:26:5-97
26-->[androidx.core:core:1.13.1] AndroidManifest.xml:26:22-94
27    <uses-permission android:name="moe.shizuku.manager.permission.API_V23" />
27-->[dev.rikka.shizuku:provider:13.1.5] AndroidManifest.xml:8:5-78
27-->[dev.rikka.shizuku:provider:13.1.5] AndroidManifest.xml:8:22-75
28
29    <application
29-->src/main/AndroidManifest.xml:5:5-54:19
30        android:allowBackup="true"
30-->src/main/AndroidManifest.xml:6:9-35
31        android:appComponentFactory="androidx.core.app.CoreComponentFactory"
31-->[androidx.core:core:1.13.1] AndroidManifest.xml:28:18-86
32        android:dataExtractionRules="@xml/data_extraction_rules"
32-->src/main/AndroidManifest.xml:7:9-65
33        android:debuggable="true"
34        android:extractNativeLibs="false"
35        android:fullBackupContent="@xml/backup_rules"
35-->src/main/AndroidManifest.xml:8:9-54
36        android:icon="@mipmap/ic_launcher"
36-->src/main/AndroidManifest.xml:9:9-43
37        android:label="GameResChange"
37-->src/main/AndroidManifest.xml:10:9-38
38        android:roundIcon="@mipmap/ic_launcher_round"
38-->src/main/AndroidManifest.xml:11:9-54
39        android:supportsRtl="true"
39-->src/main/AndroidManifest.xml:12:9-35
40        android:theme="@style/Theme.YourAppName" >
40-->src/main/AndroidManifest.xml:13:9-49
41        <activity
41-->src/main/AndroidManifest.xml:16:9-19:56
42            android:name="com.game.reschange.BackendChooserActivity"
42-->src/main/AndroidManifest.xml:17:13-51
43            android:exported="false"
43-->src/main/AndroidManifest.xml:18:13-37
44            android:theme="@style/Theme.YourAppName" />
44-->src/main/AndroidManifest.xml:19:13-53
45        <activity
45-->src/main/AndroidManifest.xml:21:9-30:20
46            android:name="com.game.reschange.MainActivity"
46-->src/main/AndroidManifest.xml:22:13-41
47            android:exported="true"
47-->src/main/AndroidManifest.xml:23:13-36
48            android:label="@string/app_name"
48-->src/main/AndroidManifest.xml:24:13-45
49            android:theme="@style/Theme.YourAppName" >
49-->src/main/AndroidManifest.xml:25:13-53
50            <intent-filter>
50-->src/main/AndroidManifest.xml:26:13-29:29
51                <action android:name="android.intent.action.MAIN" />
51-->src/main/AndroidManifest.xml:27:17-69
51-->src/main/AndroidManifest.xml:27:25-66
52
53                <category android:name="android.intent.category.LAUNCHER" />
53-->src/main/AndroidManifest.xml:28:17-77
53-->src/main/AndroidManifest.xml:28:27-74
54            </intent-filter>
55        </activity>
56        <activity
56-->src/main/AndroidManifest.xml:32:9-36:56
57            android:name="com.game.reschange.SettingsActivity"
57-->src/main/AndroidManifest.xml:33:13-45
58            android:exported="false"
58-->src/main/AndroidManifest.xml:34:13-37
59            android:label="Settings"
59-->src/main/AndroidManifest.xml:35:13-37
60            android:theme="@style/Theme.YourAppName" />
60-->src/main/AndroidManifest.xml:36:13-53
61
62        <receiver
62-->src/main/AndroidManifest.xml:38:9-44:20
63            android:name="com.game.reschange.BootReceiver"
63-->src/main/AndroidManifest.xml:39:13-41
64            android:exported="false" >
64-->src/main/AndroidManifest.xml:40:13-37
65            <intent-filter>
65-->src/main/AndroidManifest.xml:41:13-43:29
66                <action android:name="android.intent.action.BOOT_COMPLETED" />
66-->src/main/AndroidManifest.xml:42:17-79
66-->src/main/AndroidManifest.xml:42:25-76
67            </intent-filter>
68        </receiver>
69
70        <provider
71            android:name="rikka.shizuku.ShizukuProvider"
71-->src/main/AndroidManifest.xml:47:13-57
72            android:authorities="com.game.reschange.fork.shizuku"
72-->src/main/AndroidManifest.xml:48:13-59
73            android:enabled="true"
73-->src/main/AndroidManifest.xml:50:13-35
74            android:exported="true"
74-->src/main/AndroidManifest.xml:51:13-36
75            android:multiprocess="false"
75-->src/main/AndroidManifest.xml:49:13-41
76            android:permission="android.permission.INTERACT_ACROSS_USERS_FULL" />
76-->src/main/AndroidManifest.xml:52:13-79
77
78        <activity
78-->[androidx.compose.ui:ui-tooling-android:1.7.0] AndroidManifest.xml:23:9-25:39
79            android:name="androidx.compose.ui.tooling.PreviewActivity"
79-->[androidx.compose.ui:ui-tooling-android:1.7.0] AndroidManifest.xml:24:13-71
80            android:exported="true" />
80-->[androidx.compose.ui:ui-tooling-android:1.7.0] AndroidManifest.xml:25:13-36
81        <activity
81-->[androidx.compose.ui:ui-test-manifest:1.7.0] AndroidManifest.xml:23:9-25:39
82            android:name="androidx.activity.ComponentActivity"
82-->[androidx.compose.ui:ui-test-manifest:1.7.0] AndroidManifest.xml:24:13-63
83            android:exported="true" />
83-->[androidx.compose.ui:ui-test-manifest:1.7.0] AndroidManifest.xml:25:13-36
84
85        <provider
85-->[androidx.emoji2:emoji2:1.3.0] AndroidManifest.xml:24:9-32:20
86            android:name="androidx.startup.InitializationProvider"
86-->[androidx.emoji2:emoji2:1.3.0] AndroidManifest.xml:25:13-67
87            android:authorities="com.game.reschange.fork.androidx-startup"
87-->[androidx.emoji2:emoji2:1.3.0] AndroidManifest.xml:26:13-68
88            android:exported="false" >
88-->[androidx.emoji2:emoji2:1.3.0] AndroidManifest.xml:27:13-37
89            <meta-data
89-->[androidx.emoji2:emoji2:1.3.0] AndroidManifest.xml:29:13-31:52
90                android:name="androidx.emoji2.text.EmojiCompatInitializer"
90-->[androidx.emoji2:emoji2:1.3.0] AndroidManifest.xml:30:17-75
91                android:value="androidx.startup" />
91-->[androidx.emoji2:emoji2:1.3.0] AndroidManifest.xml:31:17-49
92            <meta-data
92-->[androidx.lifecycle:lifecycle-process:2.8.3] AndroidManifest.xml:29:13-31:52
93                android:name="androidx.lifecycle.ProcessLifecycleInitializer"
93-->[androidx.lifecycle:lifecycle-process:2.8.3] AndroidManifest.xml:30:17-78
94                android:value="androidx.startup" />
94-->[androidx.lifecycle:lifecycle-process:2.8.3] AndroidManifest.xml:31:17-49
95            <meta-data
95-->[androidx.profileinstaller:profileinstaller:1.3.1] AndroidManifest.xml:29:13-31:52
96                android:name="androidx.profileinstaller.ProfileInstallerInitializer"
96-->[androidx.profileinstaller:profileinstaller:1.3.1] AndroidManifest.xml:30:17-85
97                android:value="androidx.startup" />
97-->[androidx.profileinstaller:profileinstaller:1.3.1] AndroidManifest.xml:31:17-49
98        </provider>
99
100        <meta-data
100-->[dev.rikka.shizuku:provider:13.1.5] AndroidManifest.xml:11:9-13:36
101            android:name="moe.shizuku.client.V3_SUPPORT"
101-->[dev.rikka.shizuku:provider:13.1.5] AndroidManifest.xml:12:13-57
102            android:value="true" />
102-->[dev.rikka.shizuku:provider:13.1.5] AndroidManifest.xml:13:13-33
103
104        <receiver
104-->[androidx.profileinstaller:profileinstaller:1.3.1] AndroidManifest.xml:34:9-52:20
105            android:name="androidx.profileinstaller.ProfileInstallReceiver"
105-->[androidx.profileinstaller:profileinstaller:1.3.1] AndroidManifest.xml:35:13-76
106            android:directBootAware="false"
106-->[androidx.profileinstaller:profileinstaller:1.3.1] AndroidManifest.xml:36:13-44
107            android:enabled="true"
107-->[androidx.profileinstaller:profileinstaller:1.3.1] AndroidManifest.xml:37:13-35
108            android:exported="true"
108-->[androidx.profileinstaller:profileinstaller:1.3.1] AndroidManifest.xml:38:13-36
109            android:permission="android.permission.DUMP" >
109-->[androidx.profileinstaller:profileinstaller:1.3.1] AndroidManifest.xml:39:13-57
110            <intent-filter>
110-->[androidx.profileinstaller:profileinstaller:1.3.1] AndroidManifest.xml:40:13-42:29
111                <action android:name="androidx.profileinstaller.action.INSTALL_PROFILE" />
111-->[androidx.profileinstaller:profileinstaller:1.3.1] AndroidManifest.xml:41:17-91
111-->[androidx.profileinstaller:profileinstaller:1.3.1] AndroidManifest.xml:41:25-88
112            </intent-filter>
113            <intent-filter>
113-->[androidx.profileinstaller:profileinstaller:1.3.1] AndroidManifest.xml:43:13-45:29
114                <action android:name="androidx.profileinstaller.action.SKIP_FILE" />
114-->[androidx.profileinstaller:profileinstaller:1.3.1] AndroidManifest.xml:44:17-85
114-->[androidx.profileinstaller:profileinstaller:1.3.1] AndroidManifest.xml:44:25-82
115            </intent-filter>
116            <intent-filter>
116-->[androidx.profileinstaller:profileinstaller:1.3.1] AndroidManifest.xml:46:13-48:29
117                <action android:name="androidx.profileinstaller.action.SAVE_PROFILE" />
117-->[androidx.profileinstaller:profileinstaller:1.3.1] AndroidManifest.xml:47:17-88
117-->[androidx.profileinstaller:profileinstaller:1.3.1] AndroidManifest.xml:47:25-85
118            </intent-filter>
119            <intent-filter>
119-->[androidx.profileinstaller:profileinstaller:1.3.1] AndroidManifest.xml:49:13-51:29
120                <action android:name="androidx.profileinstaller.action.BENCHMARK_OPERATION" />
120-->[androidx.profileinstaller:profileinstaller:1.3.1] AndroidManifest.xml:50:17-95
120-->[androidx.profileinstaller:profileinstaller:1.3.1] AndroidManifest.xml:50:25-92
121            </intent-filter>
122        </receiver>
123    </application>
124
125</manifest>